1 - "Phoenician Casino - Promo Dept." <RewardsPromotions.noreply@news.cr-emailtrack.com>
1 - VIAGRA =?x-unknown?B?rg==?= Reseller <edwardandcheryl@ethelred.org>
1 - Evangelina Yoder <attractedpu6856@raschella.com>
1 - GMAC Mortgage <customer_service@gmacm.com>
15 - Universal Currency Converter <list@en.ucc.xe.net>
2 - Trinidad Fitch <gapi34@galaxyiworld.com>
2 - Velma Helms <wiperb06@gspcolombia.com>
1 - RCN Corporation <donotreply@rcn.com>
1 - Kerry <kerryrees@hotmail.com>
1 - Luxury Gucci watches <respiratoryM8@bloomberg.com>
1 - Black Isle Brewery <greatbeers@blackislebrewery.com>
1 - "BritishCornerShop.co.uk" <newsletter@britishcornershop.co.uk>
13 - Arvard ArdBoyz Boardz <warboss@arvardardboyz.com>
1 - John Archambault <johnarch.ma@gmail.com>
1 - 10 Downing Street <number10@petitions.pm.gov.uk>
49 - Facebook <notification+oc1zz=1f@facebookmail.com>
1 - "Sarah, Red Fire Farm" <thefarmers@redfirefarm.com>
6 - Rachel Hadiashar <rachel@mergeweddings.com>
1 - no2id-supporters@no2id.net
1 - "Last.fm" <no-reply@mailer.last.fm>
34 - Google Calendar <calendar-notification@google.com>
1 - PayPal <paypal@email.paypal.co.uk>
1 - "Gary A.Palochko" <invite+zrdoovdrpzoe@facebookmail.com>
1 - Sears <sears@value.sears.com>
5 - Drew Miller <drewjmiller@yahoo.com>
2 - Twitter <twitter-follow-jaq=ethelred.org@postmaster.twitter.com>
2 - Kmart <kmart@value.kmart.com>
1 - C1alis_And_V1agra <wantoningnv@realtyfast.com>
5 - "service@paypal.com" <service@paypal.com>
1 - C Storey <cymstorey1@hotmail.com>
1 - Twitter <twitter-dm-jaq=ethelred.org@postmaster.twitter.com>
2 - Amtrak Guest Rewards <AmtrakGuestRewards@amtrak.rsys1.com>
25 - Cheryl <cheryl@ethelred.org>
1 - Western Union <updateserv@westernunion.com>
1 - email from smile <info@mail.smile.co.uk>
6 - Karan and/or Larry Miller <kandl@roadrunner.com>
2 - DreamHost Subversion Robot <"support@dreamhost.com"@taco.sd.dreamhost.com>
2 - "polly@prezzybox.com" <email@prezzybox.emv1.com>
4 - customerservice@epassportphoto.com
2 - Dreamhost Installer Robot <support@dreamhost.com>
1 - Brian Miller <breathingreflection@yahoo.com>
1 - "Willie Sullivan, Vote For A Change" <info@voteforachange.co.uk>
2 - Dorothea Hale <tenderq@excite.com>
1 - Edward <edward@ethelred.org>
1 - ZuluMoon <sales001@zulumoon.com>
1 - phaggart <phaggart@rmlimage.lunarpages.net>
3 - Cheap Gucci watches <darwinianGO@elsevier.com>
1 - N Silvia <nsilvia@crescentridge.com>
1 - =?windows-1252?Q?Charlie's_Soap?= <taylor@charliesoap.com>
1 - American Airlines <americanairlines@aadvantage.email.aa.com>
3 - theora - DW Comment <dw_null@dreamwidth.org>
1 - Fidelity Investments <BenefitsCenter@Fidelity.com>
2 - Bessie Silva <jealousiess9399@royalunibrew.com>
6 - Meetup Reminder <info@meetup.com>
1 - "no-reply@librarium-online.com" <no-reply@librarium-online.com>
6 - chromium@googlecode.com
2 - Marlon Hightower <benefittedz6@votevoots.com>
1 - carmencupp@yahoo.com
1 - denis-gagnon@shaw.ca
1 - Medco <customercare@medco.com>
1 - Reg Harman <reg.harman@ntlworld.com>
1 - mpinchy@scottheldon.com.au
7 - "Newegg.com" <promo@e.newegg.com>
3 - PayPal <paypal@info.paypal.com>
11 - WordPress <wordpress@ethelred.org>
1 - Arlington Library <arltel@library.minlib.net>
1 - Mail Delivery System <MAILER-DAEMON@hapkido.dreamhost.com>
1 - order@crescentridge.com
1 - "Lydia G." <lydia_gay@monitor.com>
1 - DreamHost Subversion Robot <"support@dreamhost.com"@spooky.sd.dreamhost.com>
2 - Elvira Eddy <loathsomeqa69@elrinconmexicano.com>
1 - lebougre@wanadoo.fr
1 - The Sanctuary Spa <email@sanctuaryspa.thesanctuary.co.uk>
2 - Sarah Leadbeater <rhys@sidehack.gweep.net>
1 - PayPal Security Center <info@paypal-updateform.com>
1 - Airfare Watchdog <farealert@airfarewatchdog.com>
1 - Kelly Madison <kelly@kelly4free.com>
1 - officeo@zirbus.de
2 - Michael Koziarski <michael@koziarski.com>
3 - "Elaine H." <the.hagues@hotmail.com>
8 - Inbox Archiver <root@localhost>
1 - Brad Cohen <breastbone554@ibranson.com>
1 - Rosie Wesley <bubbledxu73@greengablesmusical.com>
1 - nstarebillmessage@nstar.com
1 - University of Cambridge <ebb-749c@ebulletin.foundation.cam.ac.uk>
1 - cardan4@juno.com
1 - CR-Bonus News <support@cr-bonusnews.com>
2 - LinkedIn Updates <updates@linkedin.com>
